[2025-03-23 23:31:31] [INFO] 1
[2025-03-30 16:13:12] [ERROR] SQLSTATE[42883]: Undefined function: 7 ERROR:  operator does not exist: bit = integer
LINE 28:                       AND u.activo_usuario = 1
                                                    ^
HINT:  No operator matches the given name and argument types. You might need to add explicit type casts.
[2025-03-30 16:13:26] [ERROR] SQLSTATE[42883]: Undefined function: 7 ERROR:  operator does not exist: bit = integer
LINE 28:                       AND u.activo_usuario = 1
                                                    ^
HINT:  No operator matches the given name and argument types. You might need to add explicit type casts.
[2025-03-30 16:16:05] [ERROR] SQLSTATE[42883]: Undefined function: 7 ERROR:  operator does not exist: bit = integer
LINE 28:                       AND u.activo_usuario = 1
                                                    ^
HINT:  No operator matches the given name and argument types. You might need to add explicit type casts.
[2025-03-30 16:20:03] [ERROR] SQLSTATE[42883]: Undefined function: 7 ERROR:  operator does not exist: bit = integer
LINE 28:                       AND u.activo_usuario = 1
                                                    ^
HINT:  No operator matches the given name and argument types. You might need to add explicit type casts.
[2025-03-30 16:22:04] [ERROR] SQLSTATE[42883]: Undefined function: 7 ERROR:  operator does not exist: bit = integer
LINE 28:                       AND u.activo_usuario = 1
                                                    ^
HINT:  No operator matches the given name and argument types. You might need to add explicit type casts.
[2025-03-30 16:22:48] [ERROR] SQLSTATE[42883]: Undefined function: 7 ERROR:  operator does not exist: bit = integer
LINE 28:                       AND u.activo_usuario = 1
                                                    ^
HINT:  No operator matches the given name and argument types. You might need to add explicit type casts.
[2025-03-30 16:24:04] [ERROR] SQLSTATE[42883]: Undefined function: 7 ERROR:  operator does not exist: bit = integer
LINE 28:                       AND u.activo_usuario = 1
                                                    ^
HINT:  No operator matches the given name and argument types. You might need to add explicit type casts.
[2025-03-30 16:25:31] [ERROR] SQLSTATE[42883]: Undefined function: 7 ERROR:  operator does not exist: bit = integer
LINE 28:                       AND u.activo_usuario = 1
                                                    ^
HINT:  No operator matches the given name and argument types. You might need to add explicit type casts.
[2025-03-30 16:26:58] [ERROR] SQLSTATE[42883]: Undefined function: 7 ERROR:  operator does not exist: bit = integer
LINE 28:                       AND u.activo_usuario = 1
                                                    ^
HINT:  No operator matches the given name and argument types. You might need to add explicit type casts.
[2025-03-30 16:27:28] [ERROR] SQLSTATE[42883]: Undefined function: 7 ERROR:  operator does not exist: bit = integer
LINE 28:                       AND u.activo_usuario = 1
                                                    ^
HINT:  No operator matches the given name and argument types. You might need to add explicit type casts.
[2025-03-30 16:28:41] [ERROR] SQLSTATE[42883]: Undefined function: 7 ERROR:  operator does not exist: bit = integer
LINE 28:                       AND u.activo_usuario = 1
                                                    ^
HINT:  No operator matches the given name and argument types. You might need to add explicit type casts.
[2025-03-30 16:29:11] [ERROR] SQLSTATE[42883]: Undefined function: 7 ERROR:  operator does not exist: bit = integer
LINE 28:                       AND u.activo_usuario = 1
                                                    ^
HINT:  No operator matches the given name and argument types. You might need to add explicit type casts.
[2025-03-30 16:30:14] [ERROR] SQLSTATE[42883]: Undefined function: 7 ERROR:  operator does not exist: bit = integer
LINE 28:                       AND u.activo_usuario = 1
                                                    ^
HINT:  No operator matches the given name and argument types. You might need to add explicit type casts.
[2025-03-30 16:34:59] [ERROR] SQLSTATE[42883]: Undefined function: 7 ERROR:  operator does not exist: bit = integer
LINE 28:                       AND u.activo_usuario = 1
                                                    ^
HINT:  No operator matches the given name and argument types. You might need to add explicit type casts.
[2025-03-30 17:05:57] [ERROR] SQLSTATE[42883]: Undefined function: 7 ERROR:  operator does not exist: bit = integer
LINE 28:                       AND u.activo_usuario = 1
                                                    ^
HINT:  No operator matches the given name and argument types. You might need to add explicit type casts.
[2025-03-30 17:07:02] [ERROR] SQLSTATE[42883]: Undefined function: 7 ERROR:  operator does not exist: bit = integer
LINE 28:                       AND u.activo_usuario = 1
                                                    ^
HINT:  No operator matches the given name and argument types. You might need to add explicit type casts.
[2025-03-30 17:07:41] [ERROR] SQLSTATE[42883]: Undefined function: 7 ERROR:  operator does not exist: bit = integer
LINE 28:                       AND u.activo_usuario = 1
                                                    ^
HINT:  No operator matches the given name and argument types. You might need to add explicit type casts.
[2025-03-30 17:12:54] [ERROR] SQLSTATE[42883]: Undefined function: 7 ERROR:  operator does not exist: bit = integer
LINE 28:                       AND u.activo_usuario = 1
                                                    ^
HINT:  No operator matches the given name and argument types. You might need to add explicit type casts.
[2025-03-30 17:13:13] [ERROR] SQLSTATE[42883]: Undefined function: 7 ERROR:  operator does not exist: bit = integer
LINE 28:                       AND u.activo_usuario = 1
                                                    ^
HINT:  No operator matches the given name and argument types. You might need to add explicit type casts.
[2025-03-30 17:15:24] [ERROR] SQLSTATE[42883]: Undefined function: 7 ERROR:  operator does not exist: bit = integer
LINE 28:                       AND u.activo_usuario = 1
                                                    ^
HINT:  No operator matches the given name and argument types. You might need to add explicit type casts.
[2025-03-30 17:15:36] [ERROR] SQLSTATE[42883]: Undefined function: 7 ERROR:  operator does not exist: bit = integer
LINE 28:                       AND u.activo_usuario = 1
                                                    ^
HINT:  No operator matches the given name and argument types. You might need to add explicit type casts.
[2025-03-30 17:16:23] [ERROR] SQLSTATE[42883]: Undefined function: 7 ERROR:  operator does not exist: bit = integer
LINE 28:                       AND u.activo_usuario = 1
                                                    ^
HINT:  No operator matches the given name and argument types. You might need to add explicit type casts.
[2025-03-30 18:13:20] [ERROR] SQLSTATE[42883]: Undefined function: 7 ERROR:  operator does not exist: bit = integer
LINE 28:                       AND u.activo_usuario = 1
                                                    ^
HINT:  No operator matches the given name and argument types. You might need to add explicit type casts.
[2025-03-30 18:14:53] [ERROR] SQLSTATE[42883]: Undefined function: 7 ERROR:  operator does not exist: bit = integer
LINE 28:                       AND u.activo_usuario = 1
                                                    ^
HINT:  No operator matches the given name and argument types. You might need to add explicit type casts.
[2025-03-30 18:28:50] [ERROR] SQLSTATE[42883]: Undefined function: 7 ERROR:  operator does not exist: bit = integer
LINE 28:                       AND u.activo_usuario = 1
                                                    ^
HINT:  No operator matches the given name and argument types. You might need to add explicit type casts.
[2025-03-30 19:31:55] [ERROR] SQLSTATE[42883]: Undefined function: 7 ERROR:  operator does not exist: bit = integer
LINE 28:                       AND u.activo_usuario = 1
                                                    ^
HINT:  No operator matches the given name and argument types. You might need to add explicit type casts.
[2025-03-30 19:32:42] [INFO] SELECT
                        u.id_usuario,
                        COALESCE(
                            CASE 
                                WHEN p.id_usuario IS NOT NULL THEN
                                    (SELECT g.descripcion_grado_estudio 
                                     FROM grados_estudio g 
                                     WHERE g.id_grado_estudio = p.id_grado_estudio)
                                WHEN jc.id_usuario IS NOT NULL THEN
                                    (SELECT g.descripcion_grado_estudio 
                                     FROM grados_estudio g 
                                     WHERE g.id_grado_estudio = jc.id_grado_estudio)
                                WHEN jd.id_usuario IS NOT NULL THEN
                                    (SELECT g.descripcion_grado_estudio 
                                     FROM grados_estudio g 
                                     WHERE g.id_grado_estudio = jd.id_grado_estudio)
                                ELSE ''
                            END
                        ,'') 
                        || ' ' || u.nombre_usuario || ' ' || u.apellido_paterno_usuario || ' ' ||
                           COALESCE(u.apellido_materno_usuario, '') 
                        AS nombre_completo
                    FROM usuarios u
                    LEFT JOIN profesores p ON p.id_usuario = u.id_usuario
                    LEFT JOIN jefes_coordinacion jc ON jc.id_usuario = u.id_usuario
                    LEFT JOIN jefes_departamento jd ON jd.id_usuario = u.id_usuario
                    WHERE u.id_tipo_usuario IN (2,3,4)
                      AND u.activo_usuario = 1
                      AND u.id_division = :id_division
                    ORDER BY u.apellido_paterno_usuario, u.nombre_usuario
[2025-03-30 19:32:42] [ERROR] SQLSTATE[42883]: Undefined function: 7 ERROR:  operator does not exist: bit = integer
LINE 28:                       AND u.activo_usuario = 1
                                                    ^
HINT:  No operator matches the given name and argument types. You might need to add explicit type casts.
