[2025-02-02 18:44:11] [INFO] Proceso iniciado
[2025-02-02 18:44:11] [INFO] id_propuesta_doc: 179
[2025-02-02 18:44:11] [INFO] id_documento_doc: 4
[2025-02-02 18:44:11] [INFO] id_version_doc: 1
[2025-02-02 18:44:11] [INFO] id_estatus: 3
[2025-02-02 18:44:11] [INFO] id_usuario: 8423332024
[2025-02-02 18:44:11] [INFO] nota: 
[2025-02-02 18:44:11] [INFO] fecha_registro_doc: 2025/02/01
[2025-02-02 18:44:11] [INFO] id_profesor: 456765445
[2025-02-02 18:44:11] [INFO] correo_profesor: sara.rg@gmail.com
[2025-02-02 18:44:11] [INFO] titulo_propuesta: PRUEBA TESIS
[2025-02-02 18:44:11] [INFO] desc_corta_doc: Indice_Propuesta
[2025-02-02 18:44:11] [INFO] id_division: 1
[2025-02-02 18:48:19] [INFO] Proceso iniciado
[2025-02-02 18:48:19] [INFO] id_propuesta_doc: 179
[2025-02-02 18:48:19] [INFO] id_documento_doc: 4
[2025-02-02 18:48:19] [INFO] id_version_doc: 1
[2025-02-02 18:48:19] [INFO] id_estatus: 3
[2025-02-02 18:48:19] [INFO] id_usuario: 8423332024
[2025-02-02 18:48:19] [INFO] nota: 
[2025-02-02 18:48:19] [INFO] fecha_registro_doc: 2025/02/01
[2025-02-02 18:48:19] [INFO] id_profesor: 456765445
[2025-02-02 18:48:19] [INFO] correo_profesor: sara.rg@gmail.com
[2025-02-02 18:48:19] [INFO] titulo_propuesta: PRUEBA TESIS
[2025-02-02 18:48:19] [INFO] desc_corta_doc: Indice_Propuesta
[2025-02-02 18:48:19] [INFO] id_division: 1
[2025-02-02 18:48:19] [INFO] Proceso iniciado
